2025-03-25 09:23:58,089 - trading_bot.utils.logging - INFO - Logging initialized at level INFO
2025-03-25 09:23:58,090 - trading_bot.utils.logging - INFO - Logging to file: C:\Users\fabso\Documents\Projects\Phase 3 Tradingbot\phase-3-system\logs/spot_trading.log
2025-03-25 09:23:58,095 - trading_bot.data.providers.ccxt_provider.CCXTProvider - INFO - Initialized connection to bybit
2025-03-25 09:24:04,213 - trading_bot.data.providers.ccxt_provider.CCXTProvider - INFO - Loaded markets for bybit
2025-03-25 09:33:14,336 - trading_bot.utils.logging - INFO - Logging initialized at level INFO
2025-03-25 09:33:14,336 - trading_bot.utils.logging - INFO - Logging to file: C:\Users\fabso\Documents\Projects\Phase 3 Tradingbot\phase-3-system\logs/spot_trading.log
2025-03-25 09:33:14,341 - trading_bot.data.providers.ccxt_provider.CCXTProvider - INFO - Initialized connection to bybit
2025-03-25 09:33:19,663 - trading_bot.data.providers.ccxt_provider.CCXTProvider - INFO - Loaded markets for bybit
2025-03-25 09:33:19,663 - trading_bot.strategies.moving_average_crossover_spot.MovingAverageCrossoverSpot - INFO - Initialized MA_Crossover_Spot_20_50 strategy for spot market
2025-03-25 09:33:19,663 - trading_bot.strategies.factory.StrategyFactory - INFO - Created moving_average_crossover_spot strategy with short_period=20, long_period=50
2025-03-25 09:33:19,664 - __main__.TradingBot - INFO - Created spot strategy for ETH/USDT
2025-03-25 09:33:19,664 - trading_bot.strategies.moving_average_crossover_spot.MovingAverageCrossoverSpot - INFO - Initialized MA_Crossover_Spot_20_50 strategy for spot market
2025-03-25 09:33:19,664 - trading_bot.strategies.factory.StrategyFactory - INFO - Created moving_average_crossover_spot strategy with short_period=20, long_period=50
2025-03-25 09:33:19,664 - __main__.TradingBot - INFO - Created spot strategy for BTC/USDT
2025-03-25 09:33:19,664 - trading_bot.strategies.moving_average_crossover_spot.MovingAverageCrossoverSpot - INFO - Initialized MA_Crossover_Spot_20_50 strategy for spot market
2025-03-25 09:33:19,664 - trading_bot.strategies.factory.StrategyFactory - INFO - Created moving_average_crossover_spot strategy with short_period=20, long_period=50
2025-03-25 09:33:19,665 - trading_bot.execution.ccxt_executor.CCXTExecutor - INFO - Initialized CCXTExecutor (dry_run=False)
2025-03-25 09:33:19,665 - trading_bot.risk.basic_risk_manager.BasicRiskManager - INFO - Initialized BasicRiskManager (risk_per_trade=0.5, max_open_trades=1)
2025-03-25 09:33:19,665 - __main__.TradingBot - INFO - Trading bot initialized
2025-03-25 09:33:19,665 - __main__.TradingBot - INFO - Starting trading bot...
2025-03-25 09:33:19,666 - __main__.TradingBot - INFO - Trading ['ETH/USDT', 'BTC/USDT'] on 1m timeframe
2025-03-25 09:37:22,840 - trading_bot.strategies.moving_average_crossover_spot.MovingAverageCrossoverSpot - INFO - Generated CLOSE signal for ETH/USDT at 2054.16 in spot market
2025-03-25 09:37:22,841 - __main__.TradingBot - INFO - Received signal: close ETH/USDT at 2054.16
2025-03-25 09:37:23,061 - trading_bot.risk.basic_risk_manager.BasicRiskManager - ERROR - Error fetching position for ETH/USDT: bybit {"retCode":181001,"retMsg":"category only support linear or option","result":{},"retExtInfo":{},"time":1742888242989}
2025-03-25 09:37:23,062 - __main__.TradingBot - WARNING - Received close signal for ETH/USDT but no position exists
2025-03-25 09:38:26,481 - __main__.TradingBot - INFO - Received signal 2, shutting down...
2025-03-25 09:38:26,481 - __main__.TradingBot - INFO - Stopping trading bot...
